*** matrix conn. 2.275931e-02 sec.
*** matrix ass. 5.524238e-02 sec.
1 1.106731e+01
2 1.084353e+01
3 1.063054e+01
4 1.042757e+01
5 1.023396e+01
6 1.004908e+01
7 9.872368e+00
8 9.703303e+00
9 9.541412e+00
10 9.386259e+00
11 9.237444e+00
12 9.094599e+00
13 8.957384e+00
14 8.825486e+00
15 8.698616e+00
16 8.576505e+00
17 8.458905e+00
18 8.345585e+00
19 8.236332e+00
20 8.130946e+00
21 8.029242e+00
22 7.931046e+00
23 7.836198e+00
24 7.744547e+00
25 7.655952e+00
26 7.570281e+00
27 7.487409e+00
28 7.407221e+00
29 7.329608e+00
30 7.254466e+00
31 7.181700e+00
32 7.111218e+00
33 7.042934e+00
34 6.976767e+00
35 6.912640e+00
36 6.850481e+00
37 6.790219e+00
38 6.731790e+00
39 6.675131e+00
40 6.620182e+00
41 6.566887e+00
42 6.515192e+00
43 6.465045e+00
44 6.416396e+00
45 6.369197e+00
46 6.323402e+00
47 6.278967e+00
48 6.235849e+00
49 6.194006e+00
50 6.153399e+00
51 6.113988e+00
52 6.075735e+00
53 6.038603e+00
54 6.002555e+00
55 5.967555e+00
56 5.933569e+00
57 5.900562e+00
58 5.868499e+00
59 5.837346e+00
60 5.807070e+00
61 5.777637e+00
62 5.749013e+00
63 5.721166e+00
64 5.693205e+00
65 5.662376e+00
66 5.628103e+00
67 5.590614e+00
68 5.550096e+00
69 5.506716e+00
70 5.460623e+00
71 5.411958e+00
72 5.360850e+00
73 5.307422e+00
74 5.251788e+00
75 5.194059e+00
76 5.134338e+00
77 5.072722e+00
78 5.009305e+00
79 4.944175e+00
80 4.877418e+00
81 4.809113e+00
82 4.739336e+00
83 4.668162e+00
84 4.595658e+00
85 4.521893e+00
86 4.446928e+00
87 4.370824e+00
88 4.293639e+00
89 4.215428e+00
90 4.136243e+00
91 4.056135e+00
92 3.975152e+00
93 3.893340e+00
94 3.810743e+00
95 3.727403e+00
96 3.643362e+00
97 3.558656e+00
98 3.473325e+00
99 3.387403e+00
100 3.300925e+00
101 3.213924e+00
102 3.126432e+00
103 3.038477e+00
104 2.950091e+00
105 2.861301e+00
106 2.772133e+00
107 2.682614e+00
108 2.592769e+00
109 2.502620e+00
110 2.412191e+00
111 2.321503e+00
112 2.230577e+00
113 2.139434e+00
114 2.048091e+00
115 1.956567e+00
116 1.864878e+00
117 1.773040e+00
118 1.681068e+00
119 1.588976e+00
120 1.496775e+00
121 1.404479e+00
122 1.312095e+00
123 1.219633e+00
124 1.127098e+00
125 1.034494e+00
126 9.418218e-01
127 8.843183e-01
128 1.180603e+00
129 1.370646e+00
130 1.178928e+00
131 1.120829e+00
132 1.139527e+00
133 1.085766e+00
134 1.032272e+00
135 1.021035e+00
136 9.860196e-01
137 9.497123e-01
138 9.315827e-01
139 9.055700e-01
140 8.783758e-01
141 8.609626e-01
142 8.405449e-01
143 8.188026e-01
144 8.006961e-01
145 7.784298e-01
146 7.544378e-01
147 7.326763e-01
148 7.103861e-01
149 6.875518e-01
150 6.661799e-01
151 6.446259e-01
152 6.232733e-01
153 6.030399e-01
154 5.828293e-01
155 5.630739e-01
156 5.440534e-01
157 5.254925e-01
158 5.071691e-01
159 4.898884e-01
160 4.727687e-01
161 4.562547e-01
162 4.403044e-01
163 4.246733e-01
164 4.094970e-01
165 3.950649e-01
166 3.810143e-01
167 3.674230e-01
168 3.543952e-01
169 3.418882e-01
170 3.298736e-01
171 3.184251e-01
172 3.075008e-01
173 2.971663e-01
174 2.874092e-01
175 2.782443e-01
176 2.697123e-01
177 2.618146e-01
178 2.546254e-01
179 2.481387e-01
180 2.425181e-01
181 2.378218e-01
182 2.342345e-01
183 2.320092e-01
184 2.312143e-01
185 2.320653e-01
186 2.347297e-01
187 2.394110e-01
188 2.467299e-01
189 2.572051e-01
190 2.717775e-01
191 2.276082e-01
192 1.973164e-01
193 1.766141e-01
194 1.757148e-01
195 1.635405e-01
196 1.515864e-01
197 1.504664e-01
198 1.417932e-01
199 1.325864e-01
200 1.307055e-01
201 1.239726e-01
202 1.165740e-01
203 1.144496e-01
204 1.090705e-01
205 1.031164e-01
206 1.010152e-01
207 9.647487e-02
208 9.122468e-02
209 8.866071e-02
210 8.425527e-02
211 7.937856e-02
212 7.666353e-02
213 7.263438e-02
214 6.827134e-02
215 6.557552e-02
216 6.195185e-02
217 5.809168e-02
218 5.553339e-02
219 5.230733e-02
220 4.894731e-02
221 4.658162e-02
222 4.376378e-02
223 4.086760e-02
224 3.875319e-02
225 3.632075e-02
226 3.386549e-02
227 3.201763e-02
228 2.996038e-02
229 2.791953e-02
230 2.634986e-02
231 2.462744e-02
232 2.293443e-02
233 2.158246e-02
234 2.012082e-02
235 1.871097e-02
236 1.756508e-02
237 1.634656e-02
238 1.520266e-02
239 1.425972e-02
240 1.327453e-02
241 1.239686e-02
242 1.165630e-02
243 1.088568e-02
244 1.024997e-02
245 9.711584e-03
246 9.144275e-03
247 8.763870e-03
248 8.433529e-03
249 8.057392e-03
250 7.939196e-03
251 7.799073e-03
252 7.510023e-03
253 7.570684e-03
254 5.754946e-03
255 5.461466e-03
256 5.544882e-03
257 5.426005e-03
258 5.224534e-03
259 4.945994e-03
260 4.709869e-03
261 4.392213e-03
262 3.967937e-03
263 3.605961e-03
264 3.281208e-03
265 2.972904e-03
266 2.742145e-03
267 2.521986e-03
268 2.298209e-03
269 2.134126e-03
270 1.983972e-03
271 1.824867e-03
272 1.691658e-03
273 1.560789e-03
274 1.427034e-03
275 1.317497e-03
276 1.214515e-03
277 1.106959e-03
278 1.017228e-03
279 9.330228e-04
280 8.455715e-04
281 7.717568e-04
282 7.023849e-04
283 6.334680e-04
284 5.751596e-04
285 5.219114e-04
286 4.701421e-04
287 4.262398e-04
288 3.859251e-04
289 3.468768e-04
290 3.136569e-04
291 2.838874e-04
292 2.557214e-04
293 2.323103e-04
294 2.115067e-04
295 1.924358e-04
296 1.769432e-04
297 1.634908e-04
298 1.513643e-04
299 1.420616e-04
300 1.341614e-04
301 1.274077e-04
302 1.226375e-04
303 1.185478e-04
304 1.147501e-04
305 1.116572e-04
306 1.075874e-04
307 1.024812e-04
308 9.656069e-05
309 8.845277e-05
310 7.925623e-05
311 6.996296e-05
312 5.949239e-05
313 4.986421e-05
314 4.279476e-05
315 3.670080e-05
316 3.437382e-05
317 4.091489e-05
318 3.000282e-05
319 2.634431e-05
320 2.317593e-05
321 2.086496e-05
322 1.870078e-05
323 1.706377e-05
324 1.598583e-05
325 1.479957e-05
326 1.370700e-05
327 1.279198e-05
328 1.182002e-05
329 1.105018e-05
330 1.044801e-05
331 9.729532e-06
332 9.138728e-06
333 8.720001e-06
334 8.269320e-06
335 7.904868e-06
336 7.594422e-06
337 7.197213e-06
338 6.848990e-06
339 6.551868e-06
340 6.184989e-06
341 5.841392e-06
342 5.539480e-06
343 5.177638e-06
344 4.830245e-06
345 4.507996e-06
346 4.135349e-06
347 3.784780e-06
348 3.453105e-06
349 3.108760e-06
350 2.791012e-06
351 2.504440e-06
352 2.213419e-06
353 1.950862e-06
354 1.713822e-06
355 1.486248e-06
356 1.285450e-06
357 1.112619e-06
358 9.531965e-07
359 8.216864e-07
360 7.116429e-07
361 6.165764e-07
362 5.420234e-07
363 4.846789e-07
364 4.368157e-07
365 4.039042e-07
366 3.801751e-07
367 3.616736e-07
368 3.487682e-07
369 3.358319e-07
370 3.147367e-07
371 2.903539e-07
372 2.548761e-07
373 2.128003e-07
374 1.694155e-07
375 1.303460e-07
376 9.561621e-08
377 7.482645e-08
378 6.270847e-08
379 5.814008e-08
380 6.078606e-08
381 4.092247e-08
382 4.425220e-08
383 3.993667e-08
384 3.841750e-08
385 3.412491e-08
386 2.660617e-08
387 2.202301e-08
388 1.926467e-08
389 1.671190e-08
390 1.416271e-08
391 1.187931e-08
392 9.938397e-09
*** real COMP. 1.304490e+00 sec.
