----------------------------------------------
 Double precision appears to have 16 digits of accuracy
 Assuming 8 bytes per DOUBLE PRECISION word
----------------------------------------------
 Number of processors =           12
 Array size =   20000000
 Offset     =          0
 The total memory requirement is    5493.2 MB (    457.8MB/task)
 You are running each test  10 times
 --
 The *best* time for each test is used
 *EXCLUDING* the first and last iterations
 ----------------------------------------------------
 Your clock granularity appears to be less than one microsecond
 Your clock granularity/precision appears to be      1 microseconds
 ----------------------------------------------------
Function     Rate (MB/s)  Avg time  Min time  Max time
Copy:          121512.0   0.031725     0.031602     0.032190
Scale:         116497.8   0.033068     0.032962     0.033375
Add:           146816.1   0.039356     0.039233     0.039715
Triad:         147267.4   0.039187     0.039113     0.039394
 -----------------------------------------------
 Solution Validates!
 -----------------------------------------------
----------------------------------------------
 Double precision appears to have 16 digits of accuracy
 Assuming 8 bytes per DOUBLE PRECISION word
----------------------------------------------
 Number of processors =           12
 Array size =   20000000
 Offset     =          0
 The total memory requirement is    5493.2 MB (    457.8MB/task)
 You are running each test  10 times
 --
 The *best* time for each test is used
 *EXCLUDING* the first and last iterations
 ----------------------------------------------------
 Your clock granularity appears to be less than one microsecond
 Your clock granularity/precision appears to be      1 microseconds
 ----------------------------------------------------
Function     Rate (MB/s)  Avg time  Min time  Max time
Copy:           99875.2   0.038588     0.038448     0.038833
Scale:          97153.8   0.039716     0.039525     0.039977
Add:           102474.9   0.056527     0.056209     0.057187
Triad:         102846.6   0.056099     0.056006     0.056333
 -----------------------------------------------
 Solution Validates!
 -----------------------------------------------
