### LINEAR SOLVER:  3x3 BlockssCGBILU(0)-no ASDD
1 5.237987e-01
2 1.262645e-01
3 7.443378e-02
4 5.323488e-02
5 4.031020e-02
6 3.176245e-02
7 2.867086e-02
8 2.574501e-02
9 2.153556e-02
10 1.871259e-02
11 1.653450e-02
12 1.178339e-02
13 7.630929e-03
14 6.436680e-03
15 7.638341e-03
16 7.554515e-03
17 5.761135e-03
18 5.877226e-03
19 5.416408e-03
20 4.153660e-03
21 4.434987e-03
22 3.472704e-03
23 3.103299e-03
24 2.910171e-03
25 2.350964e-03
26 2.471250e-03
27 2.043038e-03
28 1.929804e-03
29 1.343241e-03
30 1.212064e-03
31 9.247110e-04
32 7.879161e-04
33 5.396688e-04
34 4.567032e-04
35 3.679217e-04
36 3.043342e-04
37 2.261370e-04
38 1.976795e-04
39 1.438885e-04
40 1.146252e-04
41 8.842311e-05
42 8.061765e-05
43 7.666120e-05
44 8.674440e-05
45 7.242801e-05
46 5.968820e-05
47 4.057668e-05
48 3.412080e-05
49 3.038064e-05
50 2.556009e-05
51 2.047990e-05
52 1.420203e-05
53 1.129242e-05
54 8.354287e-06
55 7.579048e-06
56 5.941549e-06
57 6.195604e-06
58 5.892363e-06
59 5.546838e-06
60 5.237560e-06
61 4.681554e-06
62 4.472911e-06
63 3.891142e-06
64 4.054112e-06
65 4.199324e-06
66 4.025023e-06
67 3.905553e-06
68 3.130376e-06
69 2.513995e-06
70 2.245422e-06
71 1.876452e-06
72 1.529630e-06
73 1.289042e-06
74 1.079548e-06
75 8.563384e-07
76 7.518124e-07
77 7.668710e-07
78 7.758740e-07
79 8.046836e-07
80 8.076017e-07
81 8.381900e-07
82 8.989515e-07
83 8.156408e-07
84 7.225910e-07
85 5.057673e-07
86 3.664799e-07
87 3.047709e-07
88 2.501210e-07
89 2.220542e-07
90 2.073478e-07
91 1.948049e-07
92 2.018570e-07
93 1.802859e-07
94 1.570051e-07
95 1.479325e-07
96 1.455019e-07
97 1.384600e-07
98 1.265646e-07
99 1.178364e-07
100 1.060275e-07
101 1.145909e-07
102 1.085059e-07
103 9.716994e-08
104 7.866310e-08
105 6.603178e-08
106 5.425722e-08
107 4.579008e-08
108 3.887693e-08
109 3.416049e-08
110 2.856940e-08
111 2.335110e-08
112 2.121951e-08
113 1.950112e-08
114 1.754858e-08
115 1.621130e-08
116 1.531300e-08
117 1.475835e-08
118 1.346835e-08
119 1.159974e-08
120 9.871020e-09
### DISPLACEMENT at (Xmax,Ymax,Zmax))
68921 -2.999997e-01 -3.000007e-01 1.000000e+00
