1 4.025833e+00
2 3.628020e+00
3 3.319234e+00
4 3.073771e+00
5 2.875356e+00
6 2.713215e+00
7 2.579841e+00
8 2.469737e+00
9 2.378556e+00
10 2.300366e+00
11 2.201909e+00
12 2.062080e+00
13 1.891021e+00
14 1.697302e+00
15 1.487143e+00
16 1.265106e+00
17 1.034469e+00
18 7.972673e-01
19 5.535337e-01
20 4.131063e-01
21 3.637136e-01
22 3.614188e-01
23 3.006034e-01
24 2.445875e-01
25 1.984445e-01
26 1.602523e-01
27 1.265954e-01
28 1.029888e-01
29 9.379249e-02
30 9.709434e-02
31 5.638322e-02
32 4.669936e-02
33 3.426907e-02
34 2.397204e-02
35 1.732328e-02
36 1.153890e-02
37 7.193408e-03
38 4.723605e-03
39 3.355094e-03
40 2.344849e-03
41 1.683633e-03
42 1.007610e-03
43 5.398906e-04
44 3.177817e-04
45 1.641020e-04
46 8.348516e-05
47 5.257392e-05
48 4.213348e-05
49 2.044790e-05
50 1.145099e-05
51 5.688793e-06
52 3.688122e-06
53 2.631296e-06
54 1.864517e-06
55 9.238550e-07
56 3.876258e-07
57 1.854812e-07
58 1.062119e-07
59 3.541404e-08
60 1.284087e-08
61 6.073277e-09
